<?xml version="1.0" encoding="UTF-8"?>
<testng-results ignored="0" total="1" passed="1" failed="0" skipped="0">
  <reporter-output>
  </reporter-output>
  <suite started-at="2022-11-02T20:27:07 IST" name="Default suite" finished-at="2022-11-02T20:27:07 IST" duration-ms="46">
    <groups>
    </groups>
    <test started-at="2022-11-02T20:27:07 IST" name="Default test" finished-at="2022-11-02T20:27:07 IST" duration-ms="46">
      <class name="testBase.TestBase">
        <test-method signature="test1()[pri:0, instance:testBase.TestBase@318ba8c8]" started-at="2022-11-02T20:27:07 IST" name="test1" finished-at="2022-11-02T20:27:07 IST" duration-ms="9" status="PASS">
          <reporter-output>
          </reporter-output>
        </test-method> <!-- test1 -->
      </class> <!-- testBase.TestBase -->
    </test> <!-- Default test -->
  </suite> <!-- Default suite -->
</testng-results>
